<?xml version="1.0" encoding="UTF-8"?>
<coverage generated="1668781507014" clover="3.2.0">
  <project timestamp="1668781507014" name="All files">
    <metrics statements="30" coveredstatements="27" conditionals="12" coveredconditionals="8" methods="13" coveredmethods="13" elements="55" coveredelements="48" complexity="0" loc="30" ncloc="30" packages="2" files="3" classes="3"/>
    <package name="question-3">
      <metrics statements="6" coveredstatements="5" conditionals="6" coveredconditionals="5" methods="4" coveredmethods="4"/>
      <file name="question-3.js" path="/Applications/XAMPP/xamppfiles/workflow2-ca-jenny_gramdal/scripts/question-3/question-3.js">
        <metrics statements="6" coveredstatements="5" conditionals="6" coveredconditionals="5" methods="4" coveredmethods="4"/>
        <line num="12" count="1" type="stmt"/>
        <line num="25" count="3" type="stmt"/>
        <line num="39" count="1" type="cond" truecount="1" falsecount="1"/>
        <line num="40" count="1" type="stmt"/>
        <line num="42" count="0" type="stmt"/>
        <line num="54" count="1" type="stmt"/>
      </file>
    </package>
    <package name="question-4">
      <metrics statements="24" coveredstatements="22" conditionals="6" coveredconditionals="3" methods="9" coveredmethods="9"/>
      <file name="items.js" path="/Applications/XAMPP/xamppfiles/workflow2-ca-jenny_gramdal/scripts/question-4/items.js">
        <metrics statements="5" coveredstatements="5" conditionals="0" coveredconditionals="0" methods="0" coveredmethods="0"/>
        <line num="2" count="1" type="stmt"/>
        <line num="3" count="1" type="stmt"/>
        <line num="4" count="1" type="stmt"/>
        <line num="5" count="1" type="stmt"/>
        <line num="6" count="1" type="stmt"/>
      </file>
      <file name="question-4.js" path="/Applications/XAMPP/xamppfiles/workflow2-ca-jenny_gramdal/scripts/question-4/question-4.js">
        <metrics statements="19" coveredstatements="17" conditionals="6" coveredconditionals="3" methods="9" coveredmethods="9"/>
        <line num="5" count="3" type="stmt"/>
        <line num="9" count="2" type="stmt"/>
        <line num="10" count="3" type="stmt"/>
        <line num="11" count="3" type="stmt"/>
        <line num="13" count="2" type="stmt"/>
        <line num="17" count="2" type="stmt"/>
        <line num="21" count="2" type="stmt"/>
        <line num="26" count="4" type="stmt"/>
        <line num="27" count="3" type="cond" truecount="1" falsecount="1"/>
        <line num="28" count="0" type="stmt"/>
        <line num="31" count="4" type="cond" truecount="1" falsecount="1"/>
        <line num="32" count="4" type="stmt"/>
        <line num="38" count="1" type="stmt"/>
        <line num="39" count="1" type="cond" truecount="1" falsecount="1"/>
        <line num="40" count="0" type="stmt"/>
        <line num="43" count="1" type="stmt"/>
        <line num="47" count="1" type="stmt"/>
        <line num="48" count="1" type="stmt"/>
        <line num="49" count="1" type="stmt"/>
      </file>
    </package>
  </project>
</coverage>
