{"/Applications/XAMPP/xamppfiles/workflow2-ca-jenny_gramdal/scripts/question-3/question-3.js": {"path":"/Applications/XAMPP/xamppfiles/workflow2-ca-jenny_gramdal/scripts/question-3/question-3.js","statementMap":{"0":{"start":{"line":12,"column":2},"end":{"line":12,"column":65}},"1":{"start":{"line":25,"column":2},"end":{"line":25,"column":76}},"2":{"start":{"line":39,"column":2},"end":{"line":41,"column":3}},"3":{"start":{"line":40,"column":4},"end":{"line":40,"column":52}},"4":{"start":{"line":42,"column":2},"end":{"line":42,"column":50}},"5":{"start":{"line":54,"column":2},"end":{"line":54,"column":64}}},"fnMap":{"0":{"name":"getDiscountPercentage","decl":{"start":{"line":11,"column":16},"end":{"line":11,"column":37}},"loc":{"start":{"line":11,"column":68},"end":{"line":13,"column":1}},"line":11},"1":{"name":"formatDecimalSpaces","decl":{"start":{"line":24,"column":16},"end":{"line":24,"column":35}},"loc":{"start":{"line":24,"column":62},"end":{"line":26,"column":1}},"line":24},"2":{"name":"convertKrone","decl":{"start":{"line":38,"column":16},"end":{"line":38,"column":28}},"loc":{"start":{"line":38,"column":73},"end":{"line":43,"column":1}},"line":38},"3":{"name":"calculateTax","decl":{"start":{"line":53,"column":16},"end":{"line":53,"column":28}},"loc":{"start":{"line":53,"column":51},"end":{"line":55,"column":1}},"line":53}},"branchMap":{"0":{"loc":{"start":{"line":24,"column":43},"end":{"line":24,"column":60}},"type":"default-arg","locations":[{"start":{"line":24,"column":59},"end":{"line":24,"column":60}}],"line":24},"1":{"loc":{"start":{"line":38,"column":37},"end":{"line":38,"column":51}},"type":"default-arg","locations":[{"start":{"line":38,"column":47},"end":{"line":38,"column":51}}],"line":38},"2":{"loc":{"start":{"line":38,"column":53},"end":{"line":38,"column":71}},"type":"default-arg","locations":[{"start":{"line":38,"column":66},"end":{"line":38,"column":71}}],"line":38},"3":{"loc":{"start":{"line":39,"column":2},"end":{"line":41,"column":3}},"type":"if","locations":[{"start":{"line":39,"column":2},"end":{"line":41,"column":3}},{"start":{},"end":{}}],"line":39},"4":{"loc":{"start":{"line":53,"column":37},"end":{"line":53,"column":49}},"type":"default-arg","locations":[{"start":{"line":53,"column":47},"end":{"line":53,"column":49}}],"line":53}},"s":{"0":1,"1":3,"2":1,"3":1,"4":0,"5":1},"f":{"0":1,"1":3,"2":1,"3":1},"b":{"0":[3],"1":[1],"2":[1],"3":[1,0],"4":[1]},"_coverageSchema":"1a1c01bbd47fc00a2c39e90264f33305004495a9","hash":"847f78194f0df978c3b6440968b2f5f8003a68f0"}
,"/Applications/XAMPP/xamppfiles/workflow2-ca-jenny_gramdal/scripts/question-4/items.js": {"path":"/Applications/XAMPP/xamppfiles/workflow2-ca-jenny_gramdal/scripts/question-4/items.js","statementMap":{"0":{"start":{"line":2,"column":13},"end":{"line":2,"column":52}},"1":{"start":{"line":3,"column":14},"end":{"line":3,"column":52}},"2":{"start":{"line":4,"column":15},"end":{"line":4,"column":54}},"3":{"start":{"line":5,"column":15},"end":{"line":5,"column":53}},"4":{"start":{"line":6,"column":16},"end":{"line":6,"column":57}}},"fnMap":{},"branchMap":{},"s":{"0":1,"1":1,"2":1,"3":1,"4":1},"f":{},"b":{},"_coverageSchema":"1a1c01bbd47fc00a2c39e90264f33305004495a9","hash":"5958a9ab425221426840c8bbc2802efd073cd364"}
,"/Applications/XAMPP/xamppfiles/workflow2-ca-jenny_gramdal/scripts/question-4/question-4.js": {"path":"/Applications/XAMPP/xamppfiles/workflow2-ca-jenny_gramdal/scripts/question-4/question-4.js","statementMap":{"0":{"start":{"line":5,"column":8},"end":{"line":5,"column":23}},"1":{"start":{"line":9,"column":26},"end":{"line":12,"column":13}},"2":{"start":{"line":10,"column":12},"end":{"line":10,"column":39}},"3":{"start":{"line":11,"column":12},"end":{"line":11,"column":25}},"4":{"start":{"line":13,"column":8},"end":{"line":13,"column":25}},"5":{"start":{"line":17,"column":8},"end":{"line":17,"column":32}},"6":{"start":{"line":21,"column":8},"end":{"line":21,"column":30}},"7":{"start":{"line":26,"column":27},"end":{"line":30,"column":10}},"8":{"start":{"line":27,"column":12},"end":{"line":29,"column":13}},"9":{"start":{"line":28,"column":16},"end":{"line":28,"column":28}},"10":{"start":{"line":31,"column":8},"end":{"line":33,"column":9}},"11":{"start":{"line":32,"column":12},"end":{"line":32,"column":33}},"12":{"start":{"line":38,"column":24},"end":{"line":42,"column":10}},"13":{"start":{"line":39,"column":12},"end":{"line":41,"column":13}},"14":{"start":{"line":40,"column":16},"end":{"line":40,"column":28}},"15":{"start":{"line":43,"column":8},"end":{"line":43,"column":33}},"16":{"start":{"line":47,"column":15},"end":{"line":47,"column":33}},"17":{"start":{"line":48,"column":0},"end":{"line":48,"column":24}},"18":{"start":{"line":49,"column":0},"end":{"line":49,"column":29}}},"fnMap":{"0":{"name":"(anonymous_0)","decl":{"start":{"line":3,"column":4},"end":{"line":3,"column":5}},"loc":{"start":{"line":3,"column":18},"end":{"line":6,"column":5}},"line":3},"1":{"name":"(anonymous_1)","decl":{"start":{"line":8,"column":4},"end":{"line":8,"column":5}},"loc":{"start":{"line":8,"column":19},"end":{"line":14,"column":5}},"line":8},"2":{"name":"(anonymous_2)","decl":{"start":{"line":9,"column":43},"end":{"line":9,"column":44}},"loc":{"start":{"line":9,"column":67},"end":{"line":12,"column":9}},"line":9},"3":{"name":"(anonymous_3)","decl":{"start":{"line":16,"column":4},"end":{"line":16,"column":5}},"loc":{"start":{"line":16,"column":23},"end":{"line":18,"column":5}},"line":16},"4":{"name":"(anonymous_4)","decl":{"start":{"line":20,"column":4},"end":{"line":20,"column":5}},"loc":{"start":{"line":20,"column":14},"end":{"line":22,"column":5}},"line":20},"5":{"name":"(anonymous_5)","decl":{"start":{"line":25,"column":4},"end":{"line":25,"column":5}},"loc":{"start":{"line":25,"column":20},"end":{"line":34,"column":5}},"line":25},"6":{"name":"(anonymous_6)","decl":{"start":{"line":26,"column":42},"end":{"line":26,"column":43}},"loc":{"start":{"line":26,"column":59},"end":{"line":30,"column":9}},"line":26},"7":{"name":"(anonymous_7)","decl":{"start":{"line":37,"column":4},"end":{"line":37,"column":5}},"loc":{"start":{"line":37,"column":25},"end":{"line":44,"column":5}},"line":37},"8":{"name":"(anonymous_8)","decl":{"start":{"line":38,"column":41},"end":{"line":38,"column":42}},"loc":{"start":{"line":38,"column":58},"end":{"line":42,"column":9}},"line":38}},"branchMap":{"0":{"loc":{"start":{"line":27,"column":12},"end":{"line":29,"column":13}},"type":"if","locations":[{"start":{"line":27,"column":12},"end":{"line":29,"column":13}},{"start":{},"end":{}}],"line":27},"1":{"loc":{"start":{"line":31,"column":8},"end":{"line":33,"column":9}},"type":"if","locations":[{"start":{"line":31,"column":8},"end":{"line":33,"column":9}},{"start":{},"end":{}}],"line":31},"2":{"loc":{"start":{"line":39,"column":12},"end":{"line":41,"column":13}},"type":"if","locations":[{"start":{"line":39,"column":12},"end":{"line":41,"column":13}},{"start":{},"end":{}}],"line":39}},"s":{"0":3,"1":2,"2":3,"3":3,"4":2,"5":2,"6":2,"7":4,"8":3,"9":0,"10":4,"11":4,"12":1,"13":1,"14":0,"15":1,"16":1,"17":1,"18":1},"f":{"0":3,"1":2,"2":3,"3":2,"4":2,"5":4,"6":3,"7":1,"8":1},"b":{"0":[0,3],"1":[4,0],"2":[0,1]},"_coverageSchema":"1a1c01bbd47fc00a2c39e90264f33305004495a9","hash":"1ca04857b133e6e0a6c22cfa9643205cd9d62738"}
}
