TN:
SF:scripts/question-3/question-3.js
FN:11,getDiscountPercentage
FN:24,formatDecimalSpaces
FN:38,convertKrone
FN:53,calculateTax
FNF:4
FNH:4
FNDA:1,getDiscountPercentage
FNDA:3,formatDecimalSpaces
FNDA:1,convertKrone
FNDA:1,calculateTax
DA:12,1
DA:25,3
DA:39,1
DA:40,1
DA:42,0
DA:54,1
LF:6
LH:5
BRDA:24,0,0,3
BRDA:38,1,0,1
BRDA:38,2,0,1
BRDA:39,3,0,1
BRDA:39,3,1,0
BRDA:53,4,0,1
BRF:6
BRH:5
end_of_record
TN:
SF:scripts/question-4/items.js
FNF:0
FNH:0
DA:2,1
DA:3,1
DA:4,1
DA:5,1
DA:6,1
LF:5
LH:5
BRF:0
BRH:0
end_of_record
TN:
SF:scripts/question-4/question-4.js
FN:3,(anonymous_0)
FN:8,(anonymous_1)
FN:9,(anonymous_2)
FN:16,(anonymous_3)
FN:20,(anonymous_4)
FN:25,(anonymous_5)
FN:26,(anonymous_6)
FN:37,(anonymous_7)
FN:38,(anonymous_8)
FNF:9
FNH:9
FNDA:3,(anonymous_0)
FNDA:2,(anonymous_1)
FNDA:3,(anonymous_2)
FNDA:2,(anonymous_3)
FNDA:2,(anonymous_4)
FNDA:4,(anonymous_5)
FNDA:3,(anonymous_6)
FNDA:1,(anonymous_7)
FNDA:1,(anonymous_8)
DA:5,3
DA:9,2
DA:10,3
DA:11,3
DA:13,2
DA:17,2
DA:21,2
DA:26,4
DA:27,3
DA:28,0
DA:31,4
DA:32,4
DA:38,1
DA:39,1
DA:40,0
DA:43,1
DA:47,1
DA:48,1
DA:49,1
LF:19
LH:17
BRDA:27,0,0,0
BRDA:27,0,1,3
BRDA:31,1,0,4
BRDA:31,1,1,0
BRDA:39,2,0,0
BRDA:39,2,1,1
BRF:6
BRH:3
end_of_record
